INFO: [HLS 200-2005] Using work_dir /home/minh/Documents/UTU-Doctorate/control_theory/NMPC_GP/RNG/RNG 
INFO: [HLS 200-1505] Using default flow_target 'vivado'
Resolution: For help on HLS 200-1505 see docs.xilinx.com/access/sources/dita/topic?Doc_Version=2024.2%20English&url=ug1448-hls-guidance&resourceid=200-1505.html
INFO: [HLS 200-1465] Applying ini 'syn.file=RNG.cpp' from /home/minh/Documents/UTU-Doctorate/control_theory/NMPC_GP/RNG/hls_config.cfg(9)
INFO: [HLS 200-10] Adding design file '/home/minh/Documents/UTU-Doctorate/control_theory/NMPC_GP/RNG/RNG.cpp' to the project
INFO: [HLS 200-1465] Applying ini 'syn.file=RNG.h' from /home/minh/Documents/UTU-Doctorate/control_theory/NMPC_GP/RNG/hls_config.cfg(10)
INFO: [HLS 200-10] Adding design file '/home/minh/Documents/UTU-Doctorate/control_theory/NMPC_GP/RNG/RNG.h' to the project
INFO: [HLS 200-1465] Applying ini 'tb.file=RNG_tb.cpp' from /home/minh/Documents/UTU-Doctorate/control_theory/NMPC_GP/RNG/hls_config.cfg(11)
INFO: [HLS 200-10] Adding test bench file '/home/minh/Documents/UTU-Doctorate/control_theory/NMPC_GP/RNG/RNG_tb.cpp' to the project
INFO: [HLS 200-1465] Applying ini 'syn.top=RNG' from /home/minh/Documents/UTU-Doctorate/control_theory/NMPC_GP/RNG/hls_config.cfg(7)
INFO: [HLS 200-1465] Applying ini 'flow_target=vivado' from /home/minh/Documents/UTU-Doctorate/control_theory/NMPC_GP/RNG/hls_config.cfg(4)
INFO: [HLS 200-1505] Using flow_target 'vivado'
Resolution: For help on HLS 200-1505 see docs.xilinx.com/access/sources/dita/topic?Doc_Version=2024.2%20English&url=ug1448-hls-guidance&resourceid=200-1505.html
INFO: [HLS 200-1465] Applying ini 'part=xc7z020clg484-1' from /home/minh/Documents/UTU-Doctorate/control_theory/NMPC_GP/RNG/hls_config.cfg(1)
INFO: [HLS 200-1611] Setting target device to 'xc7z020-clg484-1'
INFO: [HLS 200-1465] Applying ini 'clock=10ns' from /home/minh/Documents/UTU-Doctorate/control_theory/NMPC_GP/RNG/hls_config.cfg(8)
INFO: [SYN 201-201] Setting up clock 'default' with a period of 10ns.
INFO: [HLS 200-1465] Applying ini 'csim.code_analyzer=1' from /home/minh/Documents/UTU-Doctorate/control_theory/NMPC_GP/RNG/hls_config.cfg(12)
INFO: [HLS 200-1465] Applying ini 'package.output.format=ip_catalog' from /home/minh/Documents/UTU-Doctorate/control_theory/NMPC_GP/RNG/hls_config.cfg(5)
INFO: [HLS 200-111] Finished File checks and directory preparation: CPU user time: 2.75 seconds. CPU system time: 0.31 seconds. Elapsed time: 2.9 seconds; current allocated memory: 325.117 MB.
INFO: [HLS 200-10] Analyzing design file 'RNG.cpp' ... 
INFO: [HLS 200-111] Finished Source Code Analysis and Preprocessing: CPU user time: 0.31 seconds. CPU system time: 0.33 seconds. Elapsed time: 0.79 seconds; current allocated memory: 326.523 MB.
INFO: [HLS 200-777] Using interface defaults for 'Vivado' flow target.
INFO: [HLS 200-1995] There were 9,071 instructions in the design after the 'Compile/Link' phase of compilation. See the Design Size Report for more details: /home/minh/Documents/UTU-Doctorate/control_theory/NMPC_GP/RNG/RNG/hls/syn/report/csynth_design_size.rpt
INFO: [HLS 200-1995] There were 2 instructions in the design after the 'Unroll/Inline (step 1)' phase of compilation. See the Design Size Report for more details: /home/minh/Documents/UTU-Doctorate/control_theory/NMPC_GP/RNG/RNG/hls/syn/report/csynth_design_size.rpt
INFO: [HLS 200-1995] There were 2 instructions in the design after the 'Unroll/Inline (step 2)' phase of compilation. See the Design Size Report for more details: /home/minh/Documents/UTU-Doctorate/control_theory/NMPC_GP/RNG/RNG/hls/syn/report/csynth_design_size.rpt
INFO: [HLS 200-1995] There were 2 instructions in the design after the 'Unroll/Inline (step 3)' phase of compilation. See the Design Size Report for more details: /home/minh/Documents/UTU-Doctorate/control_theory/NMPC_GP/RNG/RNG/hls/syn/report/csynth_design_size.rpt
INFO: [HLS 200-1995] There were 2 instructions in the design after the 'Unroll/Inline (step 4)' phase of compilation. See the Design Size Report for more details: /home/minh/Documents/UTU-Doctorate/control_theory/NMPC_GP/RNG/RNG/hls/syn/report/csynth_design_size.rpt
INFO: [HLS 200-1995] There were 2 instructions in the design after the 'Array/Struct (step 1)' phase of compilation. See the Design Size Report for more details: /home/minh/Documents/UTU-Doctorate/control_theory/NMPC_GP/RNG/RNG/hls/syn/report/csynth_design_size.rpt
INFO: [HLS 200-1995] There were 2 instructions in the design after the 'Array/Struct (step 2)' phase of compilation. See the Design Size Report for more details: /home/minh/Documents/UTU-Doctorate/control_theory/NMPC_GP/RNG/RNG/hls/syn/report/csynth_design_size.rpt
INFO: [HLS 200-1995] There were 2 instructions in the design after the 'Array/Struct (step 3)' phase of compilation. See the Design Size Report for more details: /home/minh/Documents/UTU-Doctorate/control_theory/NMPC_GP/RNG/RNG/hls/syn/report/csynth_design_size.rpt
INFO: [HLS 200-1995] There were 2 instructions in the design after the 'Array/Struct (step 4)' phase of compilation. See the Design Size Report for more details: /home/minh/Documents/UTU-Doctorate/control_theory/NMPC_GP/RNG/RNG/hls/syn/report/csynth_design_size.rpt
INFO: [HLS 200-1995] There were 2 instructions in the design after the 'Array/Struct (step 5)' phase of compilation. See the Design Size Report for more details: /home/minh/Documents/UTU-Doctorate/control_theory/NMPC_GP/RNG/RNG/hls/syn/report/csynth_design_size.rpt
INFO: [HLS 200-1995] There were 2 instructions in the design after the 'Performance (step 1)' phase of compilation. See the Design Size Report for more details: /home/minh/Documents/UTU-Doctorate/control_theory/NMPC_GP/RNG/RNG/hls/syn/report/csynth_design_size.rpt
INFO: [HLS 200-1995] There were 2 instructions in the design after the 'Performance (step 2)' phase of compilation. See the Design Size Report for more details: /home/minh/Documents/UTU-Doctorate/control_theory/NMPC_GP/RNG/RNG/hls/syn/report/csynth_design_size.rpt
INFO: [HLS 200-1995] There were 2 instructions in the design after the 'Performance (step 3)' phase of compilation. See the Design Size Report for more details: /home/minh/Documents/UTU-Doctorate/control_theory/NMPC_GP/RNG/RNG/hls/syn/report/csynth_design_size.rpt
INFO: [HLS 200-1995] There were 2 instructions in the design after the 'Performance (step 4)' phase of compilation. See the Design Size Report for more details: /home/minh/Documents/UTU-Doctorate/control_theory/NMPC_GP/RNG/RNG/hls/syn/report/csynth_design_size.rpt
INFO: [HLS 200-1995] There were 4 instructions in the design after the 'HW Transforms (step 1)' phase of compilation. See the Design Size Report for more details: /home/minh/Documents/UTU-Doctorate/control_theory/NMPC_GP/RNG/RNG/hls/syn/report/csynth_design_size.rpt
INFO: [HLS 200-1995] There were 5 instructions in the design after the 'HW Transforms (step 2)' phase of compilation. See the Design Size Report for more details: /home/minh/Documents/UTU-Doctorate/control_theory/NMPC_GP/RNG/RNG/hls/syn/report/csynth_design_size.rpt
INFO: [HLS 200-111] Finished Compiling Optimization and Transform: CPU user time: 1.92 seconds. CPU system time: 0.56 seconds. Elapsed time: 7.1 seconds; current allocated memory: 328.719 MB.
INFO: [HLS 200-111] Finished Checking Pragmas: CPU user time: 0 seconds. CPU system time: 0 seconds. Elapsed time: 0 seconds; current allocated memory: 328.719 MB.
INFO: [HLS 200-10] Starting code transformations ...
INFO: [HLS 200-111] Finished Standard Transforms: CPU user time: 0.01 seconds. CPU system time: 0.01 seconds. Elapsed time: 0.03 seconds; current allocated memory: 328.934 MB.
INFO: [HLS 200-10] Checking synthesizability ...
INFO: [HLS 200-111] Finished Checking Synthesizability: CPU user time: 0.01 seconds. CPU system time: 0 seconds. Elapsed time: 0.01 seconds; current allocated memory: 330.223 MB.
INFO: [HLS 200-111] Finished Loop, function and other optimizations: CPU user time: 0.02 seconds. CPU system time: 0.01 seconds. Elapsed time: 0.03 seconds; current allocated memory: 352.152 MB.
INFO: [HLS 200-111] Finished Architecture Synthesis: CPU user time: 0.01 seconds. CPU system time: 0 seconds. Elapsed time: 0.01 seconds; current allocated memory: 352.152 MB.
INFO: [HLS 200-10] Starting hardware synthesis ...
INFO: [HLS 200-10] Synthesizing 'RNG' ...
INFO: [HLS 200-10] ----------------------------------------------------------------
INFO: [HLS 200-42] -- Implementing module 'RNG' 
INFO: [HLS 200-10] ----------------------------------------------------------------
INFO: [SCHED 204-11] Starting scheduling ...
INFO: [SCHED 204-11] Finished scheduling.
INFO: [HLS 200-111] Finished Scheduling: CPU user time: 0.01 seconds. CPU system time: 0.02 seconds. Elapsed time: 0.04 seconds; current allocated memory: 352.152 MB.
INFO: [BIND 205-100] Starting micro-architecture generation ...
INFO: [BIND 205-101] Performing variable lifetime analysis.
INFO: [BIND 205-101] Exploring resource sharing.
INFO: [BIND 205-101] Binding ...
INFO: [BIND 205-100] Finished micro-architecture generation.
INFO: [HLS 200-111] Finished Binding: CPU user time: 0.01 seconds. CPU system time: 0 seconds. Elapsed time: 0.01 seconds; current allocated memory: 352.152 MB.
INFO: [HLS 200-10] ----------------------------------------------------------------
INFO: [HLS 200-10] -- Generating RTL for module 'RNG' 
INFO: [HLS 200-10] ----------------------------------------------------------------
INFO: [RTGEN 206-500] Setting interface mode on port 'RNG/randFloat' to 'ap_vld'.
INFO: [RTGEN 206-500] Setting interface mode on function 'RNG' to 'ap_ctrl_hs'.
INFO: [RTGEN 206-100] Finished creating RTL model for 'RNG'.
INFO: [HLS 200-111] Finished Creating RTL model: CPU user time: 0.01 seconds. CPU system time: 0 seconds. Elapsed time: 0.02 seconds; current allocated memory: 352.152 MB.
INFO: [HLS 200-111] Finished Generating all RTL models: CPU user time: 0.1 seconds. CPU system time: 0.01 seconds. Elapsed time: 0.11 seconds; current allocated memory: 352.152 MB.
INFO: [HLS 200-111] Finished Updating report files: CPU user time: 0.12 seconds. CPU system time: 0.01 seconds. Elapsed time: 0.13 seconds; current allocated memory: 352.152 MB.
INFO: [VHDL 208-304] Generating VHDL RTL for RNG.
INFO: [VLOG 209-307] Generating Verilog RTL for RNG.
INFO: [HLS 200-789] **** Estimated Fmax: 0.00 MHz
INFO: [HLS 200-112] Total CPU user time: 5.28 seconds. Total CPU system time: 1.26 seconds. Total elapsed time: 11.19 seconds; peak allocated memory: 352.152 MB.
INFO: [v++ 60-791] Total elapsed time: 0h 0m 14s
