Wed Mar 12 15:54:29 2025: Running xcd server. This server was built by gradle.
Wed Mar 12 15:54:29 2025: Server was asked to start on port: '43809'
Wed Mar 12 15:54:29 2025: Server is using token UUID: 'f1ac11f4-7d13-4732-83aa-237ce14e9085'
Wed Mar 12 15:54:29 2025: SESSION_MGR: creating session with session uuid: '6d04a3e9-ade5-4ab9-8d63-1f78fcd2ec76' and name 'default'
Wed Mar 12 15:54:29 2025: Attempting to start server on port '43809'
Wed Mar 12 15:54:29 2025: XCD main fifo: created main fifo '/tmp/xcdmainf1ac11f4-7d13-4732-83aa-237ce14e9085', fd read = 13
Wed Mar 12 15:54:29 2025: Running Dispatch Server
Wed Mar 12 15:54:29 2025: Version 2.2.0
Wed Mar 12 15:54:31 2025: Dispatch Server: Accepted socket connection from client
Wed Mar 12 15:54:31 2025: Starting Socket connection
Wed Mar 12 15:54:31 2025: EXCHANGE_TOKEN received, server token: f1ac11f4-7d13-4732-83aa-237ce14e9085, passed token: f1ac11f4-7d13-4732-83aa-237ce14e9085
Wed Mar 12 15:54:31 2025: DISPATCH_HANDLER: Adding handler from function makeHandler in library libxv_system_diagram
Wed Mar 12 15:54:31 2025: SESSION_MGR: creating session with session uuid: '5b4cac45-5a80-477e-bea0-db8caf15a290' and name 'vitis-run_compile_RNG'
Wed Mar 12 15:54:31 2025: KERNEL_SVC: creating session with uuid: '5b4cac45-5a80-477e-bea0-db8caf15a290' and name 'vitis-run_compile_RNG'
Wed Mar 12 15:54:31 2025: GUIDANCE_SMGR: creating guidance session with uuid: '5b4cac45-5a80-477e-bea0-db8caf15a290' and name 'vitis-run_compile_RNG'
Wed Mar 12 15:54:31 2025: SYSTEM_DIAGRAM: creating session with uuid: '5b4cac45-5a80-477e-bea0-db8caf15a290' and name 'vitis-run_compile_RNG'
Wed Mar 12 15:54:35 2025: Dispatch Server: Accepted socket connection from client
Wed Mar 12 15:54:35 2025: Starting Socket connection
Wed Mar 12 15:54:39 2025: SESSION_MGR: closing session for UUID '5b4cac45-5a80-477e-bea0-db8caf15a290' with name 'vitis-run_compile_RNG'
Wed Mar 12 15:54:39 2025: KERNEL_SVC: closing session for UUID '5b4cac45-5a80-477e-bea0-db8caf15a290' with name 'vitis-run_compile_RNG'
Wed Mar 12 15:54:39 2025: GUIDANCE_SMGR: closing session for UUID '5b4cac45-5a80-477e-bea0-db8caf15a290' with name 'vitis-run_compile_RNG'
Wed Mar 12 15:54:39 2025: SYSTEM_DIAGRAM: closing session for UUID '5b4cac45-5a80-477e-bea0-db8caf15a290' with name 'vitis-run_compile_RNG'
Wed Mar 12 15:54:39 2025: STOP_SERVER received, server token: f1ac11f4-7d13-4732-83aa-237ce14e9085, passed token: f1ac11f4-7d13-4732-83aa-237ce14e9085
Wed Mar 12 15:54:39 2025: Socket received request to stop server.
Wed Mar 12 15:54:39 2025: Dispatch Server: do_await_stop
Wed Mar 12 15:54:39 2025: Dispatch Server: stopping mainFifo_
Wed Mar 12 15:54:39 2025: XCD main fifo: Stopping
Wed Mar 12 15:54:39 2025: XCD main fifo: do_read error code: Operation canceled
Wed Mar 12 15:54:39 2025: XCD main fifo: bytes_transferred: 0
Wed Mar 12 15:54:39 2025: SERVER: destructor for server bound to port 43809
Wed Mar 12 15:54:39 2025: XCD main fifo: Good unlink of /tmp/xcdmainf1ac11f4-7d13-4732-83aa-237ce14e9085
Wed Mar 12 15:54:39 2025: Server exiting with status 0.
Wed Mar 12 15:54:39 2025: Closing log file.
Wed Mar 12 15:55:15 2025: Running xcd server. This server was built by gradle.
Wed Mar 12 15:55:15 2025: Server was asked to start on port: '36611'
Wed Mar 12 15:55:15 2025: Server is using token UUID: 'ddb28fdb-ed6e-4651-9bf1-ef076349af22'
Wed Mar 12 15:55:15 2025: SESSION_MGR: creating session with session uuid: '6d04a3e9-ade5-4ab9-8d63-1f78fcd2ec76' and name 'default'
Wed Mar 12 15:55:15 2025: Attempting to start server on port '36611'
Wed Mar 12 15:55:15 2025: XCD main fifo: created main fifo '/tmp/xcdmainddb28fdb-ed6e-4651-9bf1-ef076349af22', fd read = 13
Wed Mar 12 15:55:15 2025: Running Dispatch Server
Wed Mar 12 15:55:15 2025: Version 2.2.0
Wed Mar 12 15:55:17 2025: Dispatch Server: Accepted socket connection from client
Wed Mar 12 15:55:17 2025: Starting Socket connection
Wed Mar 12 15:55:17 2025: EXCHANGE_TOKEN received, server token: ddb28fdb-ed6e-4651-9bf1-ef076349af22, passed token: ddb28fdb-ed6e-4651-9bf1-ef076349af22
Wed Mar 12 15:55:17 2025: DISPATCH_HANDLER: Adding handler from function makeHandler in library libxv_system_diagram
Wed Mar 12 15:55:17 2025: SESSION_MGR: creating session with session uuid: '16bb718f-6e4e-45b8-a368-af7d35b77ce4' and name 'vitis-run_compile_RNG'
Wed Mar 12 15:55:17 2025: KERNEL_SVC: creating session with uuid: '16bb718f-6e4e-45b8-a368-af7d35b77ce4' and name 'vitis-run_compile_RNG'
Wed Mar 12 15:55:17 2025: GUIDANCE_SMGR: creating guidance session with uuid: '16bb718f-6e4e-45b8-a368-af7d35b77ce4' and name 'vitis-run_compile_RNG'
Wed Mar 12 15:55:17 2025: SYSTEM_DIAGRAM: creating session with uuid: '16bb718f-6e4e-45b8-a368-af7d35b77ce4' and name 'vitis-run_compile_RNG'
Wed Mar 12 15:55:21 2025: Dispatch Server: Accepted socket connection from client
Wed Mar 12 15:55:21 2025: Starting Socket connection
Wed Mar 12 15:55:24 2025: SESSION_MGR: closing session for UUID '16bb718f-6e4e-45b8-a368-af7d35b77ce4' with name 'vitis-run_compile_RNG'
Wed Mar 12 15:55:24 2025: KERNEL_SVC: closing session for UUID '16bb718f-6e4e-45b8-a368-af7d35b77ce4' with name 'vitis-run_compile_RNG'
Wed Mar 12 15:55:24 2025: GUIDANCE_SMGR: closing session for UUID '16bb718f-6e4e-45b8-a368-af7d35b77ce4' with name 'vitis-run_compile_RNG'
Wed Mar 12 15:55:24 2025: SYSTEM_DIAGRAM: closing session for UUID '16bb718f-6e4e-45b8-a368-af7d35b77ce4' with name 'vitis-run_compile_RNG'
Wed Mar 12 15:55:24 2025: STOP_SERVER received, server token: ddb28fdb-ed6e-4651-9bf1-ef076349af22, passed token: ddb28fdb-ed6e-4651-9bf1-ef076349af22
Wed Mar 12 15:55:24 2025: Socket received request to stop server.
Wed Mar 12 15:55:24 2025: Dispatch Server: do_await_stop
Wed Mar 12 15:55:24 2025: Dispatch Server: stopping mainFifo_
Wed Mar 12 15:55:24 2025: XCD main fifo: Stopping
Wed Mar 12 15:55:24 2025: XCD main fifo: do_read error code: Operation canceled
Wed Mar 12 15:55:24 2025: XCD main fifo: bytes_transferred: 0
Wed Mar 12 15:55:24 2025: SERVER: destructor for server bound to port 36611
Wed Mar 12 15:55:24 2025: XCD main fifo: Good unlink of /tmp/xcdmainddb28fdb-ed6e-4651-9bf1-ef076349af22
Wed Mar 12 15:55:24 2025: Server exiting with status 0.
Wed Mar 12 15:55:24 2025: Closing log file.
Wed Mar 12 15:55:49 2025: Running xcd server. This server was built by gradle.
Wed Mar 12 15:55:49 2025: Server was asked to start on port: '44097'
Wed Mar 12 15:55:49 2025: Server is using token UUID: '66ce5fe1-dddf-4755-9ec0-30f5b281e0ab'
Wed Mar 12 15:55:49 2025: SESSION_MGR: creating session with session uuid: '6d04a3e9-ade5-4ab9-8d63-1f78fcd2ec76' and name 'default'
Wed Mar 12 15:55:49 2025: Attempting to start server on port '44097'
Wed Mar 12 15:55:49 2025: XCD main fifo: created main fifo '/tmp/xcdmain66ce5fe1-dddf-4755-9ec0-30f5b281e0ab', fd read = 13
Wed Mar 12 15:55:49 2025: Running Dispatch Server
Wed Mar 12 15:55:49 2025: Version 2.2.0
Wed Mar 12 15:55:50 2025: Dispatch Server: Accepted socket connection from client
Wed Mar 12 15:55:50 2025: Starting Socket connection
Wed Mar 12 15:55:50 2025: EXCHANGE_TOKEN received, server token: 66ce5fe1-dddf-4755-9ec0-30f5b281e0ab, passed token: 66ce5fe1-dddf-4755-9ec0-30f5b281e0ab
Wed Mar 12 15:55:51 2025: DISPATCH_HANDLER: Adding handler from function makeHandler in library libxv_system_diagram
Wed Mar 12 15:55:51 2025: SESSION_MGR: creating session with session uuid: 'b6e55cf2-bf70-4a39-91a2-89f4b04403b2' and name 'v++_compile_RNG'
Wed Mar 12 15:55:51 2025: KERNEL_SVC: creating session with uuid: 'b6e55cf2-bf70-4a39-91a2-89f4b04403b2' and name 'v++_compile_RNG'
Wed Mar 12 15:55:51 2025: GUIDANCE_SMGR: creating guidance session with uuid: 'b6e55cf2-bf70-4a39-91a2-89f4b04403b2' and name 'v++_compile_RNG'
Wed Mar 12 15:55:51 2025: SYSTEM_DIAGRAM: creating session with uuid: 'b6e55cf2-bf70-4a39-91a2-89f4b04403b2' and name 'v++_compile_RNG'
Wed Mar 12 15:55:54 2025: Dispatch Server: Accepted socket connection from client
Wed Mar 12 15:55:54 2025: Starting Socket connection
Wed Mar 12 15:56:03 2025: SESSION_MGR: closing session for UUID 'b6e55cf2-bf70-4a39-91a2-89f4b04403b2' with name 'v++_compile_RNG'
Wed Mar 12 15:56:03 2025: KERNEL_SVC: closing session for UUID 'b6e55cf2-bf70-4a39-91a2-89f4b04403b2' with name 'v++_compile_RNG'
Wed Mar 12 15:56:03 2025: GUIDANCE_SMGR: closing session for UUID 'b6e55cf2-bf70-4a39-91a2-89f4b04403b2' with name 'v++_compile_RNG'
Wed Mar 12 15:56:03 2025: SYSTEM_DIAGRAM: closing session for UUID 'b6e55cf2-bf70-4a39-91a2-89f4b04403b2' with name 'v++_compile_RNG'
Wed Mar 12 15:56:03 2025: STOP_SERVER received, server token: 66ce5fe1-dddf-4755-9ec0-30f5b281e0ab, passed token: 66ce5fe1-dddf-4755-9ec0-30f5b281e0ab
Wed Mar 12 15:56:03 2025: Socket received request to stop server.
Wed Mar 12 15:56:03 2025: Dispatch Server: do_await_stop
Wed Mar 12 15:56:03 2025: Dispatch Server: stopping mainFifo_
Wed Mar 12 15:56:03 2025: XCD main fifo: Stopping
Wed Mar 12 15:56:03 2025: XCD main fifo: do_read error code: Operation canceled
Wed Mar 12 15:56:03 2025: XCD main fifo: bytes_transferred: 0
Wed Mar 12 15:56:03 2025: SERVER: destructor for server bound to port 44097
Wed Mar 12 15:56:03 2025: XCD main fifo: Good unlink of /tmp/xcdmain66ce5fe1-dddf-4755-9ec0-30f5b281e0ab
Wed Mar 12 15:56:03 2025: Server exiting with status 0.
Wed Mar 12 15:56:03 2025: Closing log file.
Wed Mar 12 16:04:07 2025: Running xcd server. This server was built by gradle.
Wed Mar 12 16:04:07 2025: Server was asked to start on port: '40317'
Wed Mar 12 16:04:07 2025: Server is using token UUID: '203c5f86-9380-4340-b3e9-52f101bd4cb1'
Wed Mar 12 16:04:07 2025: SESSION_MGR: creating session with session uuid: '6d04a3e9-ade5-4ab9-8d63-1f78fcd2ec76' and name 'default'
Wed Mar 12 16:04:07 2025: Attempting to start server on port '40317'
Wed Mar 12 16:04:07 2025: XCD main fifo: created main fifo '/tmp/xcdmain203c5f86-9380-4340-b3e9-52f101bd4cb1', fd read = 13
Wed Mar 12 16:04:07 2025: Running Dispatch Server
Wed Mar 12 16:04:07 2025: Version 2.2.0
Wed Mar 12 16:04:09 2025: Dispatch Server: Accepted socket connection from client
Wed Mar 12 16:04:09 2025: Starting Socket connection
Wed Mar 12 16:04:09 2025: EXCHANGE_TOKEN received, server token: 203c5f86-9380-4340-b3e9-52f101bd4cb1, passed token: 203c5f86-9380-4340-b3e9-52f101bd4cb1
Wed Mar 12 16:04:09 2025: DISPATCH_HANDLER: Adding handler from function makeHandler in library libxv_system_diagram
Wed Mar 12 16:04:09 2025: SESSION_MGR: creating session with session uuid: 'dd0e7c06-fc14-4a6d-a409-5b23aa01eac1' and name 'vitis-run_compile_RNG'
Wed Mar 12 16:04:09 2025: KERNEL_SVC: creating session with uuid: 'dd0e7c06-fc14-4a6d-a409-5b23aa01eac1' and name 'vitis-run_compile_RNG'
Wed Mar 12 16:04:09 2025: GUIDANCE_SMGR: creating guidance session with uuid: 'dd0e7c06-fc14-4a6d-a409-5b23aa01eac1' and name 'vitis-run_compile_RNG'
Wed Mar 12 16:04:09 2025: SYSTEM_DIAGRAM: creating session with uuid: 'dd0e7c06-fc14-4a6d-a409-5b23aa01eac1' and name 'vitis-run_compile_RNG'
Wed Mar 12 16:04:13 2025: Dispatch Server: Accepted socket connection from client
Wed Mar 12 16:04:13 2025: Starting Socket connection
Wed Mar 12 16:04:17 2025: SESSION_MGR: closing session for UUID 'dd0e7c06-fc14-4a6d-a409-5b23aa01eac1' with name 'vitis-run_compile_RNG'
Wed Mar 12 16:04:17 2025: KERNEL_SVC: closing session for UUID 'dd0e7c06-fc14-4a6d-a409-5b23aa01eac1' with name 'vitis-run_compile_RNG'
Wed Mar 12 16:04:17 2025: GUIDANCE_SMGR: closing session for UUID 'dd0e7c06-fc14-4a6d-a409-5b23aa01eac1' with name 'vitis-run_compile_RNG'
Wed Mar 12 16:04:17 2025: SYSTEM_DIAGRAM: closing session for UUID 'dd0e7c06-fc14-4a6d-a409-5b23aa01eac1' with name 'vitis-run_compile_RNG'
Wed Mar 12 16:04:17 2025: STOP_SERVER received, server token: 203c5f86-9380-4340-b3e9-52f101bd4cb1, passed token: 203c5f86-9380-4340-b3e9-52f101bd4cb1
Wed Mar 12 16:04:17 2025: Socket received request to stop server.
Wed Mar 12 16:04:17 2025: Dispatch Server: do_await_stop
Wed Mar 12 16:04:17 2025: Dispatch Server: stopping mainFifo_
Wed Mar 12 16:04:17 2025: XCD main fifo: Stopping
Wed Mar 12 16:04:17 2025: XCD main fifo: do_read error code: Operation canceled
Wed Mar 12 16:04:17 2025: XCD main fifo: bytes_transferred: 0
Wed Mar 12 16:04:17 2025: SERVER: destructor for server bound to port 40317
Wed Mar 12 16:04:17 2025: XCD main fifo: Good unlink of /tmp/xcdmain203c5f86-9380-4340-b3e9-52f101bd4cb1
Wed Mar 12 16:04:17 2025: Server exiting with status 0.
Wed Mar 12 16:04:17 2025: Closing log file.
Wed Mar 12 16:04:29 2025: Running xcd server. This server was built by gradle.
Wed Mar 12 16:04:29 2025: Server was asked to start on port: '35567'
Wed Mar 12 16:04:29 2025: Server is using token UUID: 'd403e8a5-5f46-4e63-86f0-37f465bdb9ba'
Wed Mar 12 16:04:29 2025: SESSION_MGR: creating session with session uuid: '6d04a3e9-ade5-4ab9-8d63-1f78fcd2ec76' and name 'default'
Wed Mar 12 16:04:29 2025: Attempting to start server on port '35567'
Wed Mar 12 16:04:29 2025: XCD main fifo: created main fifo '/tmp/xcdmaind403e8a5-5f46-4e63-86f0-37f465bdb9ba', fd read = 13
Wed Mar 12 16:04:29 2025: Running Dispatch Server
Wed Mar 12 16:04:29 2025: Version 2.2.0
Wed Mar 12 16:04:31 2025: Dispatch Server: Accepted socket connection from client
Wed Mar 12 16:04:31 2025: Starting Socket connection
Wed Mar 12 16:04:31 2025: EXCHANGE_TOKEN received, server token: d403e8a5-5f46-4e63-86f0-37f465bdb9ba, passed token: d403e8a5-5f46-4e63-86f0-37f465bdb9ba
Wed Mar 12 16:04:31 2025: DISPATCH_HANDLER: Adding handler from function makeHandler in library libxv_system_diagram
Wed Mar 12 16:04:31 2025: SESSION_MGR: creating session with session uuid: 'd7972c87-9f0d-4425-b677-ea0dc3773bf3' and name 'v++_compile_RNG'
Wed Mar 12 16:04:31 2025: KERNEL_SVC: creating session with uuid: 'd7972c87-9f0d-4425-b677-ea0dc3773bf3' and name 'v++_compile_RNG'
Wed Mar 12 16:04:31 2025: GUIDANCE_SMGR: creating guidance session with uuid: 'd7972c87-9f0d-4425-b677-ea0dc3773bf3' and name 'v++_compile_RNG'
Wed Mar 12 16:04:31 2025: SYSTEM_DIAGRAM: creating session with uuid: 'd7972c87-9f0d-4425-b677-ea0dc3773bf3' and name 'v++_compile_RNG'
Wed Mar 12 16:04:35 2025: Dispatch Server: Accepted socket connection from client
Wed Mar 12 16:04:35 2025: Starting Socket connection
Wed Mar 12 16:04:46 2025: SESSION_MGR: closing session for UUID 'd7972c87-9f0d-4425-b677-ea0dc3773bf3' with name 'v++_compile_RNG'
Wed Mar 12 16:04:46 2025: KERNEL_SVC: closing session for UUID 'd7972c87-9f0d-4425-b677-ea0dc3773bf3' with name 'v++_compile_RNG'
Wed Mar 12 16:04:46 2025: GUIDANCE_SMGR: closing session for UUID 'd7972c87-9f0d-4425-b677-ea0dc3773bf3' with name 'v++_compile_RNG'
Wed Mar 12 16:04:46 2025: SYSTEM_DIAGRAM: closing session for UUID 'd7972c87-9f0d-4425-b677-ea0dc3773bf3' with name 'v++_compile_RNG'
Wed Mar 12 16:04:46 2025: STOP_SERVER received, server token: d403e8a5-5f46-4e63-86f0-37f465bdb9ba, passed token: d403e8a5-5f46-4e63-86f0-37f465bdb9ba
Wed Mar 12 16:04:46 2025: Socket received request to stop server.
Wed Mar 12 16:04:46 2025: Dispatch Server: do_await_stop
Wed Mar 12 16:04:46 2025: Dispatch Server: stopping mainFifo_
Wed Mar 12 16:04:46 2025: XCD main fifo: Stopping
Wed Mar 12 16:04:46 2025: XCD main fifo: do_read error code: Operation canceled
Wed Mar 12 16:04:46 2025: XCD main fifo: bytes_transferred: 0
Wed Mar 12 16:04:46 2025: SERVER: destructor for server bound to port 35567
Wed Mar 12 16:04:46 2025: XCD main fifo: Good unlink of /tmp/xcdmaind403e8a5-5f46-4e63-86f0-37f465bdb9ba
Wed Mar 12 16:04:46 2025: Server exiting with status 0.
Wed Mar 12 16:04:46 2025: Closing log file.
Wed Mar 12 16:06:14 2025: Running xcd server. This server was built by gradle.
Wed Mar 12 16:06:14 2025: Server was asked to start on port: '42709'
Wed Mar 12 16:06:14 2025: Server is using token UUID: 'e520f2c5-1f7e-4781-9f44-a9d95a81b6fb'
Wed Mar 12 16:06:14 2025: SESSION_MGR: creating session with session uuid: '6d04a3e9-ade5-4ab9-8d63-1f78fcd2ec76' and name 'default'
Wed Mar 12 16:06:14 2025: Attempting to start server on port '42709'
Wed Mar 12 16:06:14 2025: XCD main fifo: created main fifo '/tmp/xcdmaine520f2c5-1f7e-4781-9f44-a9d95a81b6fb', fd read = 13
Wed Mar 12 16:06:14 2025: Running Dispatch Server
Wed Mar 12 16:06:14 2025: Version 2.2.0
Wed Mar 12 16:06:16 2025: Dispatch Server: Accepted socket connection from client
Wed Mar 12 16:06:16 2025: Starting Socket connection
Wed Mar 12 16:06:16 2025: EXCHANGE_TOKEN received, server token: e520f2c5-1f7e-4781-9f44-a9d95a81b6fb, passed token: e520f2c5-1f7e-4781-9f44-a9d95a81b6fb
Wed Mar 12 16:06:16 2025: DISPATCH_HANDLER: Adding handler from function makeHandler in library libxv_system_diagram
Wed Mar 12 16:06:16 2025: SESSION_MGR: creating session with session uuid: 'a2278f3e-c67d-4e4e-bb97-6410108b52e9' and name 'vitis-run_compile_RNG'
Wed Mar 12 16:06:16 2025: KERNEL_SVC: creating session with uuid: 'a2278f3e-c67d-4e4e-bb97-6410108b52e9' and name 'vitis-run_compile_RNG'
Wed Mar 12 16:06:16 2025: GUIDANCE_SMGR: creating guidance session with uuid: 'a2278f3e-c67d-4e4e-bb97-6410108b52e9' and name 'vitis-run_compile_RNG'
Wed Mar 12 16:06:16 2025: SYSTEM_DIAGRAM: creating session with uuid: 'a2278f3e-c67d-4e4e-bb97-6410108b52e9' and name 'vitis-run_compile_RNG'
Wed Mar 12 16:06:20 2025: Dispatch Server: Accepted socket connection from client
Wed Mar 12 16:06:20 2025: Starting Socket connection
Wed Mar 12 16:07:09 2025: SESSION_MGR: closing session for UUID 'a2278f3e-c67d-4e4e-bb97-6410108b52e9' with name 'vitis-run_compile_RNG'
Wed Mar 12 16:07:09 2025: KERNEL_SVC: closing session for UUID 'a2278f3e-c67d-4e4e-bb97-6410108b52e9' with name 'vitis-run_compile_RNG'
Wed Mar 12 16:07:09 2025: GUIDANCE_SMGR: closing session for UUID 'a2278f3e-c67d-4e4e-bb97-6410108b52e9' with name 'vitis-run_compile_RNG'
Wed Mar 12 16:07:09 2025: SYSTEM_DIAGRAM: closing session for UUID 'a2278f3e-c67d-4e4e-bb97-6410108b52e9' with name 'vitis-run_compile_RNG'
Wed Mar 12 16:07:09 2025: STOP_SERVER received, server token: e520f2c5-1f7e-4781-9f44-a9d95a81b6fb, passed token: e520f2c5-1f7e-4781-9f44-a9d95a81b6fb
Wed Mar 12 16:07:09 2025: Socket received request to stop server.
Wed Mar 12 16:07:09 2025: Dispatch Server: do_await_stop
Wed Mar 12 16:07:09 2025: Dispatch Server: stopping mainFifo_
Wed Mar 12 16:07:09 2025: XCD main fifo: Stopping
Wed Mar 12 16:07:09 2025: XCD main fifo: do_read error code: Operation canceled
Wed Mar 12 16:07:09 2025: XCD main fifo: bytes_transferred: 0
Wed Mar 12 16:07:09 2025: SERVER: destructor for server bound to port 42709
Wed Mar 12 16:07:09 2025: XCD main fifo: Good unlink of /tmp/xcdmaine520f2c5-1f7e-4781-9f44-a9d95a81b6fb
Wed Mar 12 16:07:09 2025: Server exiting with status 0.
Wed Mar 12 16:07:09 2025: Closing log file.
Wed Mar 12 16:07:43 2025: Running xcd server. This server was built by gradle.
Wed Mar 12 16:07:43 2025: Server was asked to start on port: '43603'
Wed Mar 12 16:07:43 2025: Server is using token UUID: '37b76d51-c14a-4c85-9d2c-2bf0ad09883c'
Wed Mar 12 16:07:43 2025: SESSION_MGR: creating session with session uuid: '6d04a3e9-ade5-4ab9-8d63-1f78fcd2ec76' and name 'default'
Wed Mar 12 16:07:43 2025: Attempting to start server on port '43603'
Wed Mar 12 16:07:43 2025: XCD main fifo: created main fifo '/tmp/xcdmain37b76d51-c14a-4c85-9d2c-2bf0ad09883c', fd read = 13
Wed Mar 12 16:07:43 2025: Running Dispatch Server
Wed Mar 12 16:07:43 2025: Version 2.2.0
Wed Mar 12 16:07:45 2025: Dispatch Server: Accepted socket connection from client
Wed Mar 12 16:07:45 2025: Starting Socket connection
Wed Mar 12 16:07:45 2025: EXCHANGE_TOKEN received, server token: 37b76d51-c14a-4c85-9d2c-2bf0ad09883c, passed token: 37b76d51-c14a-4c85-9d2c-2bf0ad09883c
Wed Mar 12 16:07:45 2025: DISPATCH_HANDLER: Adding handler from function makeHandler in library libxv_system_diagram
Wed Mar 12 16:07:45 2025: SESSION_MGR: creating session with session uuid: 'c1ba3e92-d388-47a9-9fce-03e6f202a6fe' and name 'vitis-run_compile_RNG'
Wed Mar 12 16:07:45 2025: KERNEL_SVC: creating session with uuid: 'c1ba3e92-d388-47a9-9fce-03e6f202a6fe' and name 'vitis-run_compile_RNG'
Wed Mar 12 16:07:45 2025: GUIDANCE_SMGR: creating guidance session with uuid: 'c1ba3e92-d388-47a9-9fce-03e6f202a6fe' and name 'vitis-run_compile_RNG'
Wed Mar 12 16:07:45 2025: SYSTEM_DIAGRAM: creating session with uuid: 'c1ba3e92-d388-47a9-9fce-03e6f202a6fe' and name 'vitis-run_compile_RNG'
Wed Mar 12 16:07:49 2025: Dispatch Server: Accepted socket connection from client
Wed Mar 12 16:07:49 2025: Starting Socket connection
Wed Mar 12 16:08:10 2025: SESSION_MGR: closing session for UUID 'c1ba3e92-d388-47a9-9fce-03e6f202a6fe' with name 'vitis-run_compile_RNG'
Wed Mar 12 16:08:10 2025: KERNEL_SVC: closing session for UUID 'c1ba3e92-d388-47a9-9fce-03e6f202a6fe' with name 'vitis-run_compile_RNG'
Wed Mar 12 16:08:10 2025: GUIDANCE_SMGR: closing session for UUID 'c1ba3e92-d388-47a9-9fce-03e6f202a6fe' with name 'vitis-run_compile_RNG'
Wed Mar 12 16:08:10 2025: SYSTEM_DIAGRAM: closing session for UUID 'c1ba3e92-d388-47a9-9fce-03e6f202a6fe' with name 'vitis-run_compile_RNG'
Wed Mar 12 16:08:10 2025: STOP_SERVER received, server token: 37b76d51-c14a-4c85-9d2c-2bf0ad09883c, passed token: 37b76d51-c14a-4c85-9d2c-2bf0ad09883c
Wed Mar 12 16:08:10 2025: Socket received request to stop server.
Wed Mar 12 16:08:10 2025: Dispatch Server: do_await_stop
Wed Mar 12 16:08:10 2025: Dispatch Server: stopping mainFifo_
Wed Mar 12 16:08:10 2025: XCD main fifo: Stopping
Wed Mar 12 16:08:10 2025: XCD main fifo: do_read error code: Operation canceled
Wed Mar 12 16:08:10 2025: XCD main fifo: bytes_transferred: 0
Wed Mar 12 16:08:10 2025: SERVER: destructor for server bound to port 43603
Wed Mar 12 16:08:10 2025: XCD main fifo: Good unlink of /tmp/xcdmain37b76d51-c14a-4c85-9d2c-2bf0ad09883c
Wed Mar 12 16:08:10 2025: Server exiting with status 0.
Wed Mar 12 16:08:10 2025: Closing log file.
