Wed Mar 12 15:54:36 2025: Running xcd server. This server was built by gradle.
Wed Mar 12 15:54:36 2025: Server was asked to start on port: '46025'
Wed Mar 12 15:54:36 2025: Server is using token UUID: '8891b99c-ff49-11ef-b001-5f472d0bcf84'
Wed Mar 12 15:54:36 2025: SESSION_MGR: creating session with session uuid: '6d04a3e9-ade5-4ab9-8d63-1f78fcd2ec76' and name 'default'
Wed Mar 12 15:54:36 2025: Attempting to start server on port '46025'
Wed Mar 12 15:54:36 2025: XCD main fifo: created main fifo '/tmp/xcdmain8891b99c-ff49-11ef-b001-5f472d0bcf84', fd read = 11
Wed Mar 12 15:54:36 2025: Running Dispatch Server
Wed Mar 12 15:54:36 2025: Version 2.2.0
Wed Mar 12 15:54:37 2025: Dispatch Server: Accepted socket connection from client
Wed Mar 12 15:54:37 2025: Starting Socket connection
Wed Mar 12 15:54:37 2025: EXCHANGE_TOKEN received, server token: 8891b99c-ff49-11ef-b001-5f472d0bcf84, passed token: 8891b99c-ff49-11ef-b001-5f472d0bcf84
Wed Mar 12 15:54:37 2025: SESSION_MGR: creating session with session uuid: '639f3825-52a1-44ab-9d28-cf06d8d32740' and name 'Code Analyzer'
Wed Mar 12 15:54:37 2025: KERNEL_SVC: creating session with uuid: '639f3825-52a1-44ab-9d28-cf06d8d32740' and name 'Code Analyzer'
Wed Mar 12 15:54:37 2025: GUIDANCE_SMGR: creating guidance session with uuid: '639f3825-52a1-44ab-9d28-cf06d8d32740' and name 'Code Analyzer'
Wed Mar 12 15:54:38 2025: SESSION_MGR: closing session for UUID '639f3825-52a1-44ab-9d28-cf06d8d32740' with name ''
Wed Mar 12 15:54:38 2025: KERNEL_SVC: closing session for UUID '639f3825-52a1-44ab-9d28-cf06d8d32740' with name ''
Wed Mar 12 15:54:38 2025: GUIDANCE_SMGR: closing session for UUID '639f3825-52a1-44ab-9d28-cf06d8d32740' with name ''
Wed Mar 12 15:54:38 2025: STOP_SERVER received, server token: 8891b99c-ff49-11ef-b001-5f472d0bcf84, passed token: 8891b99c-ff49-11ef-b001-5f472d0bcf84
Wed Mar 12 15:54:38 2025: Socket received request to stop server.
Wed Mar 12 15:54:38 2025: Dispatch Server: do_await_stop
Wed Mar 12 15:54:38 2025: Dispatch Server: stopping mainFifo_
Wed Mar 12 15:54:38 2025: XCD main fifo: Stopping
Wed Mar 12 15:54:38 2025: XCD main fifo: do_read error code: Operation canceled
Wed Mar 12 15:54:38 2025: XCD main fifo: bytes_transferred: 0
Wed Mar 12 15:54:38 2025: SERVER: destructor for server bound to port 46025
Wed Mar 12 15:54:38 2025: XCD main fifo: Good unlink of /tmp/xcdmain8891b99c-ff49-11ef-b001-5f472d0bcf84
Wed Mar 12 15:54:38 2025: Server exiting with status 0.
Wed Mar 12 15:54:38 2025: Closing log file.
Wed Mar 12 15:55:23 2025: Running xcd server. This server was built by gradle.
Wed Mar 12 15:55:23 2025: Server was asked to start on port: '46019'
Wed Mar 12 15:55:23 2025: Server is using token UUID: 'a41ede92-ff49-11ef-b001-5f472d0bcf84'
Wed Mar 12 15:55:23 2025: SESSION_MGR: creating session with session uuid: '6d04a3e9-ade5-4ab9-8d63-1f78fcd2ec76' and name 'default'
Wed Mar 12 15:55:23 2025: Attempting to start server on port '46019'
Wed Mar 12 15:55:23 2025: XCD main fifo: created main fifo '/tmp/xcdmaina41ede92-ff49-11ef-b001-5f472d0bcf84', fd read = 11
Wed Mar 12 15:55:23 2025: Running Dispatch Server
Wed Mar 12 15:55:23 2025: Version 2.2.0
Wed Mar 12 15:55:23 2025: Dispatch Server: Accepted socket connection from client
Wed Mar 12 15:55:23 2025: Starting Socket connection
Wed Mar 12 15:55:23 2025: EXCHANGE_TOKEN received, server token: a41ede92-ff49-11ef-b001-5f472d0bcf84, passed token: a41ede92-ff49-11ef-b001-5f472d0bcf84
Wed Mar 12 15:55:23 2025: SESSION_MGR: creating session with session uuid: '32ebb277-f2df-4edc-a76d-b44eb7c458bd' and name 'Code Analyzer'
Wed Mar 12 15:55:23 2025: KERNEL_SVC: creating session with uuid: '32ebb277-f2df-4edc-a76d-b44eb7c458bd' and name 'Code Analyzer'
Wed Mar 12 15:55:23 2025: GUIDANCE_SMGR: creating guidance session with uuid: '32ebb277-f2df-4edc-a76d-b44eb7c458bd' and name 'Code Analyzer'
Wed Mar 12 15:55:24 2025: SESSION_MGR: closing session for UUID '32ebb277-f2df-4edc-a76d-b44eb7c458bd' with name ''
Wed Mar 12 15:55:24 2025: KERNEL_SVC: closing session for UUID '32ebb277-f2df-4edc-a76d-b44eb7c458bd' with name ''
Wed Mar 12 15:55:24 2025: GUIDANCE_SMGR: closing session for UUID '32ebb277-f2df-4edc-a76d-b44eb7c458bd' with name ''
Wed Mar 12 15:55:24 2025: STOP_SERVER received, server token: a41ede92-ff49-11ef-b001-5f472d0bcf84, passed token: a41ede92-ff49-11ef-b001-5f472d0bcf84
Wed Mar 12 15:55:24 2025: Socket received request to stop server.
Wed Mar 12 15:55:24 2025: Dispatch Server: do_await_stop
Wed Mar 12 15:55:24 2025: Dispatch Server: stopping mainFifo_
Wed Mar 12 15:55:24 2025: XCD main fifo: Stopping
Wed Mar 12 15:55:24 2025: XCD main fifo: do_read error code: Operation canceled
Wed Mar 12 15:55:24 2025: XCD main fifo: bytes_transferred: 0
Wed Mar 12 15:55:24 2025: SERVER: destructor for server bound to port 46019
Wed Mar 12 15:55:24 2025: XCD main fifo: Good unlink of /tmp/xcdmaina41ede92-ff49-11ef-b001-5f472d0bcf84
Wed Mar 12 15:55:24 2025: Server exiting with status 0.
Wed Mar 12 15:55:24 2025: Closing log file.
Wed Mar 12 16:04:14 2025: Running xcd server. This server was built by gradle.
Wed Mar 12 16:04:14 2025: Server was asked to start on port: '60513'
Wed Mar 12 16:04:14 2025: Server is using token UUID: 'e0eb1dbc-ff4a-11ef-b001-5f472d0bcf84'
Wed Mar 12 16:04:14 2025: SESSION_MGR: creating session with session uuid: '6d04a3e9-ade5-4ab9-8d63-1f78fcd2ec76' and name 'default'
Wed Mar 12 16:04:14 2025: Attempting to start server on port '60513'
Wed Mar 12 16:04:14 2025: XCD main fifo: created main fifo '/tmp/xcdmaine0eb1dbc-ff4a-11ef-b001-5f472d0bcf84', fd read = 11
Wed Mar 12 16:04:14 2025: Running Dispatch Server
Wed Mar 12 16:04:14 2025: Version 2.2.0
Wed Mar 12 16:04:15 2025: Dispatch Server: Accepted socket connection from client
Wed Mar 12 16:04:15 2025: Starting Socket connection
Wed Mar 12 16:04:15 2025: EXCHANGE_TOKEN received, server token: e0eb1dbc-ff4a-11ef-b001-5f472d0bcf84, passed token: e0eb1dbc-ff4a-11ef-b001-5f472d0bcf84
Wed Mar 12 16:04:15 2025: SESSION_MGR: creating session with session uuid: 'f366efe7-03ad-477b-9c84-d0263b82b123' and name 'Code Analyzer'
Wed Mar 12 16:04:15 2025: KERNEL_SVC: creating session with uuid: 'f366efe7-03ad-477b-9c84-d0263b82b123' and name 'Code Analyzer'
Wed Mar 12 16:04:15 2025: GUIDANCE_SMGR: creating guidance session with uuid: 'f366efe7-03ad-477b-9c84-d0263b82b123' and name 'Code Analyzer'
Wed Mar 12 16:04:17 2025: SESSION_MGR: closing session for UUID 'f366efe7-03ad-477b-9c84-d0263b82b123' with name ''
Wed Mar 12 16:04:17 2025: KERNEL_SVC: closing session for UUID 'f366efe7-03ad-477b-9c84-d0263b82b123' with name ''
Wed Mar 12 16:04:17 2025: GUIDANCE_SMGR: closing session for UUID 'f366efe7-03ad-477b-9c84-d0263b82b123' with name ''
Wed Mar 12 16:04:17 2025: STOP_SERVER received, server token: e0eb1dbc-ff4a-11ef-b001-5f472d0bcf84, passed token: e0eb1dbc-ff4a-11ef-b001-5f472d0bcf84
Wed Mar 12 16:04:17 2025: Socket received request to stop server.
Wed Mar 12 16:04:17 2025: Dispatch Server: do_await_stop
Wed Mar 12 16:04:17 2025: Dispatch Server: stopping mainFifo_
Wed Mar 12 16:04:17 2025: XCD main fifo: Stopping
Wed Mar 12 16:04:17 2025: XCD main fifo: do_read error code: Operation canceled
Wed Mar 12 16:04:17 2025: XCD main fifo: bytes_transferred: 0
Wed Mar 12 16:04:17 2025: SERVER: destructor for server bound to port 60513
Wed Mar 12 16:04:17 2025: XCD main fifo: Good unlink of /tmp/xcdmaine0eb1dbc-ff4a-11ef-b001-5f472d0bcf84
Wed Mar 12 16:04:17 2025: Server exiting with status 0.
Wed Mar 12 16:04:17 2025: Closing log file.
