#-----------------------------------------------------------
# xsim v2024.2 (64-bit)
# SW Build 5239630 on Fri Nov 08 22:34:34 MST 2024
# IP Build 5239520 on Sun Nov 10 16:12:51 MST 2024
# SharedData Build 5239561 on Fri Nov 08 14:39:27 MST 2024
# Start of session at: Wed Mar 12 16:07:06 2025
# Process ID         : 14291
# Current directory  : /home/minh/Documents/UTU-Doctorate/control_theory/NMPC_GP/RNG/RNG/hls/sim/verilog
# Command line       : xsim -mode tcl -source {xsim.dir/RNG/xsim_script.tcl}
# Log file           : /home/minh/Documents/UTU-Doctorate/control_theory/NMPC_GP/RNG/RNG/hls/sim/verilog/xsim.log
# Journal file       : /home/minh/Documents/UTU-Doctorate/control_theory/NMPC_GP/RNG/RNG/hls/sim/verilog/xsim.jou
# Running On         : minhLenovo
# Platform           : Ubuntu
# Operating System   : Ubuntu 22.04.5 LTS
# Processor Detail   : AMD Ryzen 7 5800H with Radeon Graphics
# CPU Frequency      : 3759.727 MHz
# CPU Physical cores : 8
# CPU Logical cores  : 16
# Host memory        : 16628 MB
# Swap memory        : 24192 MB
# Total Virtual      : 40821 MB
# Available Virtual  : 31316 MB
#-----------------------------------------------------------
source xsim.dir/RNG/xsim_script.tcl
# xsim {RNG} -autoloadwcfg -tclbatch {RNG.tcl}
Time resolution is 1 ps
source RNG.tcl
## run all
////////////////////////////////////////////////////////////////////////////////////
// Inter-Transaction Progress: Completed Transaction / Total Transaction
// Intra-Transaction Progress: Measured Latency / Latency Estimation * 100%
//
// RTL Simulation : "Inter-Transaction Progress" ["Intra-Transaction Progress"] @ "Simulation Time"
////////////////////////////////////////////////////////////////////////////////////
// RTL Simulation : 0 / 1 [0.00%] @ "125000"
// RTL Simulation : 1 / 1 [100.00%] @ "995000"
////////////////////////////////////////////////////////////////////////////////////
$finish called at time : 1055 ns : File "/home/minh/Documents/UTU-Doctorate/control_theory/NMPC_GP/RNG/RNG/hls/sim/verilog/RNG.autotb.v" Line 283
## quit
INFO: [Common 17-206] Exiting xsim at Wed Mar 12 16:07:09 2025...
