

================================================================
== Vitis HLS Report for 'generic_fmod_double_s'
================================================================
* Date:           Wed Mar 12 16:04:45 2025

* Version:        2024.2 (Build 5238294 on Nov  8 2024)
* Project:        RNG
* Solution:       hls (Vivado IP Flow Target)
* Product family: zynq
* Target device:  xc7z020-clg484-1


================================================================
== Performance Estimates
================================================================
+ Timing: 
    * Summary: 
    +--------+----------+----------+------------+
    |  Clock |  Target  | Estimated| Uncertainty|
    +--------+----------+----------+------------+
    |ap_clk  |  10.00 ns|  6.747 ns|     2.70 ns|
    +--------+----------+----------+------------+

+ Latency: 
    * Summary: 
    +---------+---------+-----------+-----------+-----+------+---------+
    |  Latency (cycles) |   Latency (absolute)  |  Interval  | Pipeline|
    |   min   |   max   |    min    |    max    | min |  max |   Type  |
    +---------+---------+-----------+-----------+-----+------+---------+
    |        1|     2104|  10.000 ns|  21.040 us|    1|  2104|       no|
    +---------+---------+-----------+-----------+-----+------+---------+

    + Detail: 
        * Instance: 
        +------------------------------------------+--------------------------------+---------+---------+-----------+-----------+------+------+------------------------------------------------+
        |                                          |                                |  Latency (cycles) |   Latency (absolute)  |   Interval  |                    Pipeline                    |
        |                 Instance                 |             Module             |   min   |   max   |    min    |    max    |  min |  max |                      Type                      |
        +------------------------------------------+--------------------------------+---------+---------+-----------+-----------+------+------+------------------------------------------------+
        |grp_generic_fmod_double_Pipeline_1_fu_87  |generic_fmod_double_Pipeline_1  |     2100|     2100|  21.000 us|  21.000 us|  2099|  2099|  loop auto-rewind stp (delay=0 clock cycles(s))|
        +------------------------------------------+--------------------------------+---------+---------+-----------+-----------+------+------+------------------------------------------------+

        * Loop: 
        N/A



================================================================
== Utilization Estimates
================================================================
* Summary: 
+-----------------+---------+-----+--------+-------+-----+
|       Name      | BRAM_18K| DSP |   FF   |  LUT  | URAM|
+-----------------+---------+-----+--------+-------+-----+
|DSP              |        -|    -|       -|      -|    -|
|Expression       |        -|    -|       0|    499|    -|
|FIFO             |        -|    -|       -|      -|    -|
|Instance         |        -|    -|      82|    428|    -|
|Memory           |        -|    -|       -|      -|    -|
|Multiplexer      |        -|    -|       0|    102|    -|
|Register         |        -|    -|     386|      -|    -|
+-----------------+---------+-----+--------+-------+-----+
|Total            |        0|    0|     468|   1029|    0|
+-----------------+---------+-----+--------+-------+-----+
|Available        |      280|  220|  106400|  53200|    0|
+-----------------+---------+-----+--------+-------+-----+
|Utilization (%)  |        0|    0|      ~0|      1|    0|
+-----------------+---------+-----+--------+-------+-----+

+ Detail: 
    * Instance: 
    +------------------------------------------+--------------------------------+---------+----+----+-----+-----+
    |                 Instance                 |             Module             | BRAM_18K| DSP| FF | LUT | URAM|
    +------------------------------------------+--------------------------------+---------+----+----+-----+-----+
    |ctlz_54_54_1_1_U4                         |ctlz_54_54_1_1                  |        0|   0|   0|   77|    0|
    |grp_generic_fmod_double_Pipeline_1_fu_87  |generic_fmod_double_Pipeline_1  |        0|   0|  82|  351|    0|
    +------------------------------------------+--------------------------------+---------+----+----+-----+-----+
    |Total                                     |                                |        0|   0|  82|  428|    0|
    +------------------------------------------+--------------------------------+---------+----+----+-----+-----+

    * DSP: 
    N/A

    * Memory: 
    N/A

    * FIFO: 
    N/A

    * Expression: 
    +------------------------+----------+----+---+-----+------------+------------+
    |      Variable Name     | Operation| DSP| FF| LUT | Bitwidth P0| Bitwidth P1|
    +------------------------+----------+----+---+-----+------------+------------+
    |add_ln325_fu_227_p2     |         +|   0|  0|   14|           7|           2|
    |fz_exp_1_fu_280_p2      |         +|   0|  0|   12|          11|          10|
    |n_fu_178_p2             |         +|   0|  0|   13|          10|           6|
    |sub_ln327_fu_271_p2     |         -|   0|  0|   14|           5|           6|
    |icmp_ln267_1_fu_135_p2  |      icmp|   0|  0|   59|          52|          24|
    |icmp_ln267_fu_129_p2    |      icmp|   0|  0|   12|          11|          11|
    |icmp_ln271_fu_147_p2    |      icmp|   0|  0|   59|          52|          24|
    |icmp_ln319_fu_205_p2    |      icmp|   0|  0|   61|          54|           1|
    |icmp_ln325_fu_233_p2    |      icmp|   0|  0|   14|           6|           1|
    |isF_e_x_fu_117_p2       |      icmp|   0|  0|   12|          11|           2|
    |isyBx_e_fu_123_p2       |      icmp|   0|  0|   12|          11|          11|
    |or_ln267_fu_141_p2      |        or|   0|  0|    2|           1|           1|
    |or_ln271_fu_153_p2      |        or|   0|  0|    2|           1|           1|
    |ap_mx_2_fu_263_p3       |    select|   0|  0|   52|           1|          52|
    |shl_ln325_fu_254_p2     |       shl|   0|  0|  161|          54|          54|
    +------------------------+----------+----+---+-----+------------+------------+
    |Total                   |          |   0|  0|  499|         287|         206|
    +------------------------+----------+----+---+-----+------------+------------+

    * Multiplexer: 
    +--------------------------------------+----+-----------+-----+-----------+
    |                 Name                 | LUT| Input Size| Bits| Total Bits|
    +--------------------------------------+----+-----------+-----+-----------+
    |ap_NS_fsm                             |  53|         10|    1|         10|
    |ap_phi_mux_retval_1_in_phi_fu_73_p12  |   9|          2|   64|        128|
    |ap_return                             |   9|          2|   64|        128|
    |retval_1_in_reg_70                    |  31|          6|   64|        384|
    +--------------------------------------+----+-----------+-----+-----------+
    |Total                                 | 102|         20|  193|        650|
    +--------------------------------------+----+-----------+-----+-----------+

    * Register: 
    +-------------------------------------------------------+----+----+-----+-----------+
    |                          Name                         | FF | LUT| Bits| Const Bits|
    +-------------------------------------------------------+----+----+-----+-----------+
    |add_ln325_reg_382                                      |   7|   0|    7|          0|
    |ap_CS_fsm                                              |   9|   0|    9|          0|
    |ap_mx_2_reg_387                                        |  52|   0|   52|          0|
    |ap_mx_reg_349                                          |  52|   0|   53|          1|
    |ap_return_preg                                         |  64|   0|   64|          0|
    |fz_sig_reg_328                                         |  52|   0|   52|          0|
    |grp_generic_fmod_double_Pipeline_1_fu_87_ap_start_reg  |   1|   0|    1|          0|
    |icmp_ln319_reg_372                                     |   1|   0|    1|          0|
    |isF_e_x_reg_333                                        |   1|   0|    1|          0|
    |isyBx_e_reg_337                                        |   1|   0|    1|          0|
    |n_reg_354                                              |  10|   0|   10|          0|
    |or_ln267_reg_341                                       |   1|   0|    1|          0|
    |or_ln271_reg_345                                       |   1|   0|    1|          0|
    |ret_5_reg_322                                          |  64|   0|   64|          0|
    |retval_1_in_reg_70                                     |  64|   0|   64|          0|
    |trunc_ln324_reg_376                                    |   6|   0|    6|          0|
    +-------------------------------------------------------+----+----+-----+-----------+
    |Total                                                  | 386|   0|  387|          1|
    +-------------------------------------------------------+----+----+-----+-----------+



================================================================
== Interface
================================================================
* Summary: 
+-----------+-----+-----+------------+----------------------+--------------+
| RTL Ports | Dir | Bits|  Protocol  |     Source Object    |    C Type    |
+-----------+-----+-----+------------+----------------------+--------------+
|ap_clk     |   in|    1|  ap_ctrl_hs|  generic_fmod<double>|  return value|
|ap_rst     |   in|    1|  ap_ctrl_hs|  generic_fmod<double>|  return value|
|ap_start   |   in|    1|  ap_ctrl_hs|  generic_fmod<double>|  return value|
|ap_done    |  out|    1|  ap_ctrl_hs|  generic_fmod<double>|  return value|
|ap_idle    |  out|    1|  ap_ctrl_hs|  generic_fmod<double>|  return value|
|ap_ready   |  out|    1|  ap_ctrl_hs|  generic_fmod<double>|  return value|
|ap_return  |  out|   64|  ap_ctrl_hs|  generic_fmod<double>|  return value|
|x          |   in|   64|     ap_none|                     x|        scalar|
+-----------+-----+-----+------------+----------------------+--------------+

