#-----------------------------------------------------------
# Vivado v2024.2 (64-bit)
# SW Build 5239630 on Fri Nov 08 22:34:34 MST 2024
# IP Build 5239520 on Sun Nov 10 16:12:51 MST 2024
# SharedData Build 5239561 on Fri Nov 08 14:39:27 MST 2024
# Start of session at: Wed Mar 12 16:06:29 2025
# Process ID         : 13865
# Current directory  : /home/minh/Documents/UTU-Doctorate/control_theory/NMPC_GP/RNG/RNG/hls/.autopilot/db/ip_tmp
# Command line       : vivado  -notrace -log vivado.log -mode batch -source run_vivado_gen_ip.tcl
# Log file           : /home/minh/Documents/UTU-Doctorate/control_theory/NMPC_GP/RNG/RNG/hls/.autopilot/db/ip_tmp/vivado.log
# Journal file       : /home/minh/Documents/UTU-Doctorate/control_theory/NMPC_GP/RNG/RNG/hls/.autopilot/db/ip_tmp/vivado.jou
# Running On         : minhLenovo
# Platform           : Ubuntu
# Operating System   : Ubuntu 22.04.5 LTS
# Processor Detail   : AMD Ryzen 7 5800H with Radeon Graphics
# CPU Frequency      : 4075.446 MHz
# CPU Physical cores : 8
# CPU Logical cores  : 16
# Host memory        : 16628 MB
# Swap memory        : 24192 MB
# Total Virtual      : 40821 MB
# Available Virtual  : 32004 MB
#-----------------------------------------------------------
Sourcing tcl script '/home/minh/.Xilinx/Vivado/2024.2/Vivado_init.tcl'
Sourcing tcl script '/home/minh/.Xilinx/Vivado/Vivado_init.tcl'
INFO: [Common 17-1463] Init.tcl in /home/minh/.Xilinx/Vivado/2024.2/init.tcl is not used. Vivado_init.tcl is already sourced.
INFO: [Common 17-1463] Init.tcl in /home/minh/.Xilinx/Vivado/init.tcl is not used. Vivado_init.tcl is already sourced.
source run_vivado_gen_ip.tcl -notrace
INFO: [IP_Flow 19-234] Refreshing IP repositories
INFO: [IP_Flow 19-1704] No user IP repositories specified
INFO: [IP_Flow 19-2313] Loaded Vivado IP repository '/tools/Xilinx/Vivado/2024.2/data/ip'.
INFO: [IP_Flow 19-1686] Generating 'Synthesis' target for IP 'RNG_ddiv_64ns_64ns_64_59_no_dsp_1_ip'...
INFO: [IP_Flow 19-1686] Generating 'Simulation' target for IP 'RNG_ddiv_64ns_64ns_64_59_no_dsp_1_ip'...
INFO: [IP_Flow 19-1686] Generating 'Synthesis' target for IP 'RNG_dmul_64ns_64ns_64_7_max_dsp_1_ip'...
INFO: [IP_Flow 19-1686] Generating 'Simulation' target for IP 'RNG_dmul_64ns_64ns_64_7_max_dsp_1_ip'...
INFO: [IP_Flow 19-1686] Generating 'Synthesis' target for IP 'RNG_fptrunc_64ns_32_2_no_dsp_1_ip'...
INFO: [IP_Flow 19-1686] Generating 'Simulation' target for IP 'RNG_fptrunc_64ns_32_2_no_dsp_1_ip'...
INFO: [IP_Flow 19-1686] Generating 'Synthesis' target for IP 'RNG_uitodp_64ns_64_6_no_dsp_1_ip'...
INFO: [IP_Flow 19-1686] Generating 'Simulation' target for IP 'RNG_uitodp_64ns_64_6_no_dsp_1_ip'...
INFO: [Common 17-206] Exiting Vivado at Wed Mar 12 16:06:46 2025...
